<?xml version="1.0" encoding="utf-8"?><testsuites name="pytest tests"><testsuite name="pytest" errors="0" failures="0" skipped="0" tests="39" time="6.364" timestamp="2026-05-22T14:42:03.942027+00:00" hostname="agent-env-6c2e3f68-4ffe-41fa-8893-4e4f5e158fa5"><testcase classname="tests.test_khoga_api.TestHealth" name="test_root" time="0.267" /><testcase classname="tests.test_khoga_api.TestProducts" name="test_list_products" time="0.146" /><testcase classname="tests.test_khoga_api.TestProducts" name="test_list_search" time="0.125" /><testcase classname="tests.test_khoga_api.TestProducts" name="test_list_filter_collection" time="0.124" /><testcase classname="tests.test_khoga_api.TestProducts" name="test_pagination" time="0.133" /><testcase classname="tests.test_khoga_api.TestProducts" name="test_get_by_handle" time="0.120" /><testcase classname="tests.test_khoga_api.TestProducts" name="test_get_by_handle_404" time="0.137" /><testcase classname="tests.test_khoga_api.TestCategories" name="test_list_categories" time="0.124" /><testcase classname="tests.test_khoga_api.TestAuth" name="test_admin_login" time="0.372" /><testcase classname="tests.test_khoga_api.TestAuth" name="test_register_customer" time="0.376" /><testcase classname="tests.test_khoga_api.TestAuth" name="test_register_duplicate" time="0.159" /><testcase classname="tests.test_khoga_api.TestAuth" name="test_login_invalid" time="0.131" /><testcase classname="tests.test_khoga_api.TestAuth" name="test_get_me" time="0.123" /><testcase classname="tests.test_khoga_api.TestGuestCart" name="test_get_empty_cart" time="0.121" /><testcase classname="tests.test_khoga_api.TestGuestCart" name="test_add_to_cart" time="0.125" /><testcase classname="tests.test_khoga_api.TestGuestCart" name="test_update_cart_item" time="0.129" /><testcase classname="tests.test_khoga_api.TestGuestCart" name="test_persistence_same_session" time="0.130" /><testcase classname="tests.test_khoga_api.TestGuestCart" name="test_invalid_coupon" time="0.143" /><testcase classname="tests.test_khoga_api.TestGuestCart" name="test_remove_item" time="0.125" /><testcase classname="tests.test_khoga_api.TestAdminAccess" name="test_admin_dashboard_no_auth" time="0.131" /><testcase classname="tests.test_khoga_api.TestAdminAccess" name="test_admin_dashboard_customer" time="0.140" /><testcase classname="tests.test_khoga_api.TestAdminAccess" name="test_admin_dashboard" time="0.155" /><testcase classname="tests.test_khoga_api.TestAdminAccess" name="test_admin_list_orders" time="0.123" /><testcase classname="tests.test_khoga_api.TestAdminAccess" name="test_admin_list_users" time="0.120" /><testcase classname="tests.test_khoga_api.TestAdminCoupons" name="test_create_coupon" time="0.138" /><testcase classname="tests.test_khoga_api.TestAdminCoupons" name="test_list_coupons" time="0.136" /><testcase classname="tests.test_khoga_api.TestAdminCoupons" name="test_apply_valid_coupon_guest" time="0.247" /><testcase classname="tests.test_khoga_api.TestAdminCoupons" name="test_update_coupon" time="0.149" /><testcase classname="tests.test_khoga_api.TestAdminCoupons" name="test_delete_coupon" time="0.126" /><testcase classname="tests.test_khoga_api.TestAdminProductCRUD" name="test_create_product" time="0.129" /><testcase classname="tests.test_khoga_api.TestAdminProductCRUD" name="test_update_product" time="0.142" /><testcase classname="tests.test_khoga_api.TestAdminProductCRUD" name="test_admin_update_inventory" time="0.128" /><testcase classname="tests.test_khoga_api.TestAdminProductCRUD" name="test_delete_product" time="0.120" /><testcase classname="tests.test_khoga_api.TestOrderFlow" name="test_place_order_empty_cart" time="0.148" /><testcase classname="tests.test_khoga_api.TestOrderFlow" name="test_add_to_user_cart_and_checkout" time="0.261" /><testcase classname="tests.test_khoga_api.TestOrderFlow" name="test_get_my_orders" time="0.127" /><testcase classname="tests.test_khoga_api.TestOrderFlow" name="test_get_order_detail" time="0.129" /><testcase classname="tests.test_khoga_api.TestOrderFlow" name="test_admin_update_order_status" time="0.125" /><testcase classname="tests.test_khoga_api.TestOrderFlow" name="test_cancel_order_restores_stock" time="0.366" /></testsuite></testsuites>